2024-08-10 23:11:53,571	ÎÂµÏ	INFO	{'train': {'log_interval': 100, 'eval_interval': 500, 'seed': 1234, 'epochs': 10, 'learning_rate': 0.0001, 'betas': [0.8, 0.99], 'eps': 1e-09, 'batch_size': 10, 'fp16_run': True, 'lr_decay': 0.999875, 'segment_size': 20480, 'init_lr_ratio': 1, 'warmup_epochs': 0, 'c_mel': 45, 'c_kl': 1.0, 'text_low_lr_rate': 0.4, 'pretrained_s2G': 'GPT_SoVITS/pretrained_models/gsv-v2final-pretrained/s2G2333k.pth', 'pretrained_s2D': 'GPT_SoVITS/pretrained_models/gsv-v2final-pretrained/s2D2333k.pth', 'if_save_latest': True, 'if_save_every_weights': True, 'save_every_epoch': 10, 'gpu_numbers': '0'}, 'data': {'max_wav_value': 32768.0, 'sampling_rate': 32000, 'filter_length': 2048, 'hop_length': 640, 'win_length': 2048, 'n_mel_channels': 128, 'mel_fmin': 0.0, 'mel_fmax': None, 'add_blank': True, 'n_speakers': 300, 'cleaned_text': True, 'exp_dir': 'logs/ÎÂµÏ'}, 'model': {'inter_channels': 192, 'hidden_channels': 192, 'filter_channels': 768, 'n_heads': 2, 'n_layers': 6, 'kernel_size': 3, 'p_dropout': 0.1, 'resblock': '1', 'resblock_kernel_sizes': [3, 7, 11], 'resblock_dilation_sizes': [[1, 3, 5], [1, 3, 5], [1, 3, 5]], 'upsample_rates': [10, 8, 2, 2, 2], 'upsample_initial_channel': 512, 'upsample_kernel_sizes': [16, 16, 8, 2, 2], 'n_layers_q': 3, 'use_spectral_norm': False, 'gin_channels': 512, 'semantic_frame_rate': '25hz', 'freeze_quantizer': True, 'version': 'v2'}, 's2_ckpt_dir': 'logs/ÎÂµÏ', 'content_module': 'cnhubert', 'save_weight_dir': 'SoVITS_weights_v2', 'name': 'ÎÂµÏ', 'version': 'v2', 'pretrain': None, 'resume_step': None}
2024-08-10 23:11:54,629	ÎÂµÏ	INFO	loaded pretrained GPT_SoVITS/pretrained_models/gsv-v2final-pretrained/s2G2333k.pth
2024-08-10 23:11:54,767	ÎÂµÏ	INFO	loaded pretrained GPT_SoVITS/pretrained_models/gsv-v2final-pretrained/s2D2333k.pth
2024-08-10 23:12:20,198	ÎÂµÏ	INFO	Train Epoch: 1 [0%]
2024-08-10 23:12:20,198	ÎÂµÏ	INFO	[2.8234968185424805, 1.8339087963104248, 10.061309814453125, 18.499019622802734, 0.0, 2.0191142559051514, 0, 9.99875e-05]
2024-08-10 23:13:21,436	ÎÂµÏ	INFO	Train Epoch: 1 [85%]
2024-08-10 23:13:21,437	ÎÂµÏ	INFO	[2.839876651763916, 2.186136484146118, 8.118117332458496, 17.46448516845703, 0.0, 1.8113819360733032, 100, 9.99875e-05]
2024-08-10 23:13:29,369	ÎÂµÏ	INFO	====> Epoch: 1
2024-08-10 23:14:18,744	ÎÂµÏ	INFO	Train Epoch: 2 [71%]
2024-08-10 23:14:18,745	ÎÂµÏ	INFO	[2.8273630142211914, 2.0327706336975098, 10.183655738830566, 18.12509536743164, 0.0, 2.2587387561798096, 200, 9.99750015625e-05]
2024-08-10 23:14:33,864	ÎÂµÏ	INFO	====> Epoch: 2
2024-08-10 23:15:08,410	ÎÂµÏ	INFO	Train Epoch: 3 [56%]
2024-08-10 23:15:08,411	ÎÂµÏ	INFO	[2.767210006713867, 2.003105401992798, 7.636131763458252, 16.797557830810547, 0.0, 1.9704558849334717, 300, 9.996250468730469e-05]
2024-08-10 23:15:30,645	ÎÂµÏ	INFO	====> Epoch: 3
2024-08-10 23:15:57,985	ÎÂµÏ	INFO	Train Epoch: 4 [42%]
2024-08-10 23:15:57,985	ÎÂµÏ	INFO	[2.8164820671081543, 2.0242302417755127, 9.732807159423828, 18.525413513183594, 0.0, 1.6185342073440552, 400, 9.995000937421877e-05]
2024-08-10 23:16:29,308	ÎÂµÏ	INFO	====> Epoch: 4
2024-08-10 23:16:48,731	ÎÂµÏ	INFO	Train Epoch: 5 [27%]
2024-08-10 23:16:48,731	ÎÂµÏ	INFO	[2.7217373847961426, 2.115612506866455, 11.33036994934082, 18.94997215270996, 0.0, 2.1864802837371826, 500, 9.993751562304699e-05]
2024-08-10 23:17:28,294	ÎÂµÏ	INFO	====> Epoch: 5
2024-08-10 23:17:39,244	ÎÂµÏ	INFO	Train Epoch: 6 [13%]
2024-08-10 23:17:39,247	ÎÂµÏ	INFO	[2.618608236312866, 2.1643624305725098, 9.465618133544922, 18.931377410888672, 0.0, 1.9423270225524902, 600, 9.99250234335941e-05]
2024-08-10 23:18:25,391	ÎÂµÏ	INFO	Train Epoch: 6 [98%]
2024-08-10 23:18:25,392	ÎÂµÏ	INFO	[2.5409514904022217, 2.22398042678833, 10.40408992767334, 18.160022735595703, 0.0, 1.9001954793930054, 700, 9.99250234335941e-05]
2024-08-10 23:18:26,133	ÎÂµÏ	INFO	====> Epoch: 6
2024-08-10 23:19:16,870	ÎÂµÏ	INFO	Train Epoch: 7 [84%]
2024-08-10 23:19:16,871	ÎÂµÏ	INFO	[2.6257941722869873, 2.3064780235290527, 9.759799003601074, 19.624719619750977, 0.0, 1.36183762550354, 800, 9.991253280566489e-05]
2024-08-10 23:19:25,039	ÎÂµÏ	INFO	====> Epoch: 7
2024-08-10 23:20:08,483	ÎÂµÏ	INFO	Train Epoch: 8 [69%]
2024-08-10 23:20:08,483	ÎÂµÏ	INFO	[2.744373321533203, 2.083010673522949, 9.512491226196289, 17.60500144958496, 0.0, 1.677202582359314, 900, 9.990004373906418e-05]
2024-08-10 23:20:24,780	ÎÂµÏ	INFO	====> Epoch: 8
2024-08-10 23:21:01,210	ÎÂµÏ	INFO	Train Epoch: 9 [55%]
2024-08-10 23:21:01,216	ÎÂµÏ	INFO	[2.726016044616699, 2.0132734775543213, 8.438957214355469, 17.168842315673828, 0.0, 1.6600130796432495, 1000, 9.98875562335968e-05]
2024-08-10 23:21:27,257	ÎÂµÏ	INFO	====> Epoch: 9
2024-08-10 23:21:54,812	ÎÂµÏ	INFO	Train Epoch: 10 [40%]
2024-08-10 23:21:54,812	ÎÂµÏ	INFO	[2.6520142555236816, 2.21881103515625, 11.743354797363281, 18.110517501831055, 0.0, 1.3180139064788818, 1100, 9.987507028906759e-05]
2024-08-10 23:22:29,003	ÎÂµÏ	INFO	Saving model and optimizer state at iteration 10 to logs/ÎÂµÏ/logs_s2\G_233333333333.pth
2024-08-10 23:22:29,647	ÎÂµÏ	INFO	Saving model and optimizer state at iteration 10 to logs/ÎÂµÏ/logs_s2\D_233333333333.pth
2024-08-10 23:22:30,303	ÎÂµÏ	INFO	saving ckpt ÎÂµÏ_e10:Success.
2024-08-10 23:22:30,304	ÎÂµÏ	INFO	====> Epoch: 10
