2024-03-09 14:39:58,213	银狼	INFO	{'train': {'log_interval': 100, 'eval_interval': 500, 'seed': 1234, 'epochs': 15, 'learning_rate': 0.0001, 'betas': [0.8, 0.99], 'eps': 1e-09, 'batch_size': 7, 'fp16_run': True, 'lr_decay': 0.999875, 'segment_size': 20480, 'init_lr_ratio': 1, 'warmup_epochs': 0, 'c_mel': 45, 'c_kl': 1.0, 'text_low_lr_rate': 0.4, 'pretrained_s2G': 'GPT_SoVITS/pretrained_models/s2G488k.pth', 'pretrained_s2D': 'GPT_SoVITS/pretrained_models/s2D488k.pth', 'if_save_latest': True, 'if_save_every_weights': True, 'save_every_epoch': 15, 'gpu_numbers': '0'}, 'data': {'max_wav_value': 32768.0, 'sampling_rate': 32000, 'filter_length': 2048, 'hop_length': 640, 'win_length': 2048, 'n_mel_channels': 128, 'mel_fmin': 0.0, 'mel_fmax': None, 'add_blank': True, 'n_speakers': 300, 'cleaned_text': True, 'exp_dir': 'logs/银狼'}, 'model': {'inter_channels': 192, 'hidden_channels': 192, 'filter_channels': 768, 'n_heads': 2, 'n_layers': 6, 'kernel_size': 3, 'p_dropout': 0.1, 'resblock': '1', 'resblock_kernel_sizes': [3, 7, 11], 'resblock_dilation_sizes': [[1, 3, 5], [1, 3, 5], [1, 3, 5]], 'upsample_rates': [10, 8, 2, 2, 2], 'upsample_initial_channel': 512, 'upsample_kernel_sizes': [16, 16, 8, 2, 2], 'n_layers_q': 3, 'use_spectral_norm': False, 'gin_channels': 512, 'semantic_frame_rate': '25hz', 'freeze_quantizer': True}, 's2_ckpt_dir': 'logs/银狼', 'content_module': 'cnhubert', 'save_weight_dir': 'SoVITS_weights', 'name': '银狼', 'pretrain': None, 'resume_step': None}
2024-03-09 14:40:00,356	银狼	INFO	loaded pretrained GPT_SoVITS/pretrained_models/s2G488k.pth
2024-03-09 14:40:00,598	银狼	INFO	loaded pretrained GPT_SoVITS/pretrained_models/s2D488k.pth
2024-03-09 14:40:25,363	银狼	INFO	Train Epoch: 1 [0%]
2024-03-09 14:40:25,363	银狼	INFO	[2.4424474239349365, 2.318021297454834, 11.43019962310791, 21.346210479736328, 0.4489138424396515, 1.7721229791641235, 0, 9.99875e-05]
2024-03-09 14:40:43,216	银狼	INFO	====> Epoch: 1
2024-03-09 14:41:01,489	银狼	INFO	====> Epoch: 2
2024-03-09 14:41:18,499	银狼	INFO	====> Epoch: 3
2024-03-09 14:41:22,979	银狼	INFO	Train Epoch: 4 [12%]
2024-03-09 14:41:22,980	银狼	INFO	[2.700634717941284, 2.1055386066436768, 8.669047355651855, 17.41328239440918, 0.4298388361930847, 1.6672266721725464, 100, 9.995000937421877e-05]
2024-03-09 14:41:34,160	银狼	INFO	====> Epoch: 4
2024-03-09 14:41:50,860	银狼	INFO	====> Epoch: 5
2024-03-09 14:42:06,788	银狼	INFO	====> Epoch: 6
2024-03-09 14:42:13,034	银狼	INFO	Train Epoch: 7 [25%]
2024-03-09 14:42:13,035	银狼	INFO	[2.7466378211975098, 2.195408821105957, 7.500217437744141, 15.445634841918945, 0.37342146039009094, 1.667891025543213, 200, 9.991253280566489e-05]
2024-03-09 14:42:23,118	银狼	INFO	====> Epoch: 7
2024-03-09 14:42:39,703	银狼	INFO	====> Epoch: 8
2024-03-09 14:42:55,864	银狼	INFO	====> Epoch: 9
2024-03-09 14:43:04,477	银狼	INFO	Train Epoch: 10 [38%]
2024-03-09 14:43:04,477	银狼	INFO	[2.7185373306274414, 2.366610527038574, 12.401970863342285, 18.646949768066406, 0.32639527320861816, 1.5464614629745483, 300, 9.987507028906759e-05]
2024-03-09 14:43:12,488	银狼	INFO	====> Epoch: 10
2024-03-09 14:43:27,977	银狼	INFO	====> Epoch: 11
2024-03-09 14:43:43,446	银狼	INFO	====> Epoch: 12
2024-03-09 14:43:52,936	银狼	INFO	Train Epoch: 13 [50%]
2024-03-09 14:43:52,937	银狼	INFO	[2.7349629402160645, 2.238086700439453, 10.591470718383789, 16.60118865966797, 0.277872771024704, 1.7206398248672485, 400, 9.983762181915804e-05]
2024-03-09 14:43:59,381	银狼	INFO	====> Epoch: 13
2024-03-09 14:44:14,737	银狼	INFO	====> Epoch: 14
2024-03-09 14:44:29,485	银狼	INFO	Saving model and optimizer state at iteration 15 to logs/银狼/logs_s2\G_233333333333.pth
2024-03-09 14:44:30,344	银狼	INFO	Saving model and optimizer state at iteration 15 to logs/银狼/logs_s2\D_233333333333.pth
2024-03-09 14:44:30,898	银狼	INFO	saving ckpt 银狼_e15:Success.
2024-03-09 14:44:30,898	银狼	INFO	====> Epoch: 15
