2024-03-09 09:46:41,589	流萤	INFO	{'train': {'log_interval': 100, 'eval_interval': 500, 'seed': 1234, 'epochs': 15, 'learning_rate': 0.0001, 'betas': [0.8, 0.99], 'eps': 1e-09, 'batch_size': 7, 'fp16_run': True, 'lr_decay': 0.999875, 'segment_size': 20480, 'init_lr_ratio': 1, 'warmup_epochs': 0, 'c_mel': 45, 'c_kl': 1.0, 'text_low_lr_rate': 0.4, 'pretrained_s2G': 'GPT_SoVITS/pretrained_models/s2G488k.pth', 'pretrained_s2D': 'GPT_SoVITS/pretrained_models/s2D488k.pth', 'if_save_latest': True, 'if_save_every_weights': True, 'save_every_epoch': 15, 'gpu_numbers': '0'}, 'data': {'max_wav_value': 32768.0, 'sampling_rate': 32000, 'filter_length': 2048, 'hop_length': 640, 'win_length': 2048, 'n_mel_channels': 128, 'mel_fmin': 0.0, 'mel_fmax': None, 'add_blank': True, 'n_speakers': 300, 'cleaned_text': True, 'exp_dir': 'logs/流萤'}, 'model': {'inter_channels': 192, 'hidden_channels': 192, 'filter_channels': 768, 'n_heads': 2, 'n_layers': 6, 'kernel_size': 3, 'p_dropout': 0.1, 'resblock': '1', 'resblock_kernel_sizes': [3, 7, 11], 'resblock_dilation_sizes': [[1, 3, 5], [1, 3, 5], [1, 3, 5]], 'upsample_rates': [10, 8, 2, 2, 2], 'upsample_initial_channel': 512, 'upsample_kernel_sizes': [16, 16, 8, 2, 2], 'n_layers_q': 3, 'use_spectral_norm': False, 'gin_channels': 512, 'semantic_frame_rate': '25hz', 'freeze_quantizer': True}, 's2_ckpt_dir': 'logs/流萤', 'content_module': 'cnhubert', 'save_weight_dir': 'SoVITS_weights', 'name': '流萤', 'pretrain': None, 'resume_step': None}
2024-03-09 09:46:43,611	流萤	INFO	loaded pretrained GPT_SoVITS/pretrained_models/s2G488k.pth
2024-03-09 09:46:43,846	流萤	INFO	loaded pretrained GPT_SoVITS/pretrained_models/s2D488k.pth
2024-03-09 09:47:09,420	流萤	INFO	Train Epoch: 1 [0%]
2024-03-09 09:47:09,421	流萤	INFO	[2.5484871864318848, 2.239579916000366, 10.555622100830078, 16.619352340698242, 0.2641097903251648, 2.560460090637207, 0, 9.99875e-05]
2024-03-09 09:47:38,410	流萤	INFO	====> Epoch: 1
2024-03-09 09:48:02,496	流萤	INFO	Train Epoch: 2 [85%]
2024-03-09 09:48:02,498	流萤	INFO	[2.7950425148010254, 2.236199378967285, 11.298219680786133, 18.559804916381836, 0.34588322043418884, 1.4414883852005005, 100, 9.99750015625e-05]
2024-03-09 09:48:05,471	流萤	INFO	====> Epoch: 2
2024-03-09 09:48:30,508	流萤	INFO	====> Epoch: 3
2024-03-09 09:48:48,665	流萤	INFO	Train Epoch: 4 [70%]
2024-03-09 09:48:48,667	流萤	INFO	[2.712779998779297, 2.2227349281311035, 8.413162231445312, 16.977489471435547, 0.39232325553894043, 1.9269418716430664, 200, 9.995000937421877e-05]
2024-03-09 09:48:54,566	流萤	INFO	====> Epoch: 4
2024-03-09 09:49:17,775	流萤	INFO	====> Epoch: 5
2024-03-09 09:49:33,222	流萤	INFO	Train Epoch: 6 [56%]
2024-03-09 09:49:33,225	流萤	INFO	[2.858546257019043, 2.215465784072876, 12.147634506225586, 17.20616912841797, 0.21110036969184875, 1.5868703126907349, 300, 9.99250234335941e-05]
2024-03-09 09:49:41,863	流萤	INFO	====> Epoch: 6
2024-03-09 09:50:04,955	流萤	INFO	====> Epoch: 7
2024-03-09 09:50:17,031	流萤	INFO	Train Epoch: 8 [41%]
2024-03-09 09:50:17,032	流萤	INFO	[2.6031651496887207, 2.204094409942627, 9.12076473236084, 16.448135375976562, 0.35112860798835754, 1.3401436805725098, 400, 9.990004373906418e-05]
2024-03-09 09:50:28,449	流萤	INFO	====> Epoch: 8
2024-03-09 09:50:51,268	流萤	INFO	====> Epoch: 9
2024-03-09 09:51:00,507	流萤	INFO	Train Epoch: 10 [26%]
2024-03-09 09:51:00,508	流萤	INFO	[2.600447177886963, 2.1441664695739746, 13.475605010986328, 21.029865264892578, 0.27005335688591003, 1.3792465925216675, 500, 9.987507028906759e-05]
2024-03-09 09:51:14,715	流萤	INFO	====> Epoch: 10
2024-03-09 09:51:37,264	流萤	INFO	====> Epoch: 11
2024-03-09 09:51:41,951	流萤	INFO	Train Epoch: 12 [11%]
2024-03-09 09:51:41,952	流萤	INFO	[2.476903200149536, 2.4302148818969727, 12.075907707214355, 19.423545837402344, 0.25604793429374695, 1.211307406425476, 600, 9.98501030820433e-05]
2024-03-09 09:51:59,306	流萤	INFO	====> Epoch: 12
2024-03-09 09:52:20,243	流萤	INFO	Train Epoch: 13 [96%]
2024-03-09 09:52:20,245	流萤	INFO	[2.8109588623046875, 2.4042136669158936, 10.7578763961792, 18.368562698364258, 0.26294100284576416, 2.2514841556549072, 700, 9.983762181915804e-05]
2024-03-09 09:52:20,844	流萤	INFO	====> Epoch: 13
2024-03-09 09:52:42,405	流萤	INFO	====> Epoch: 14
2024-03-09 09:53:01,399	流萤	INFO	Train Epoch: 15 [81%]
2024-03-09 09:53:01,402	流萤	INFO	[2.6879584789276123, 2.388697862625122, 8.65762710571289, 14.70000171661377, 0.35547152161598206, 1.5688053369522095, 800, 9.981266397366609e-05]
2024-03-09 09:53:04,876	流萤	INFO	Saving model and optimizer state at iteration 15 to logs/流萤/logs_s2\G_233333333333.pth
2024-03-09 09:53:05,435	流萤	INFO	Saving model and optimizer state at iteration 15 to logs/流萤/logs_s2\D_233333333333.pth
2024-03-09 09:53:05,945	流萤	INFO	saving ckpt 流萤_e15:Success.
2024-03-09 09:53:05,946	流萤	INFO	====> Epoch: 15
